<?xml version="1.0" encoding="UTF-8" ?>
<testsuite tests="3" failures="2" name="se.kth.ics.pwnpr3d.layer3.JuniperFirewallTest" time="0.515" errors="0" skipped="0">
  <properties>
[...]
</properties>
  <testcase classname="se.kth.ics.pwnpr3d.layer3.JuniperFirewallTest" name="denyOfService" time="0.265"/>
  <testcase classname="se.kth.ics.pwnpr3d.layer3.JuniperFirewallTest" name="cve20157755" time="0.078">
    <failure message="Failed to compromise JuniperFirewall.Administrator.compromise" type="java.lang.AssertionError">java.lang.AssertionError: Failed to compromise JuniperFirewall.Administrator.compromise
	at se.kth.ics.pwnpr3d.util.TestSupport.fail(TestSupport.java:284)
	at se.kth.ics.pwnpr3d.util.TestSupport.assertCompromised(TestSupport.java:249)
	at se.kth.ics.pwnpr3d.layer3.JuniperFirewallTest.cve20157755(JuniperFirewallTest.java:35)
	at sun.reflect.NativeMethodAccessorImpl.invoke0(Native Method)
	at sun.reflect.NativeMethodAccessorImpl.invoke(NativeMethodAccessorImpl.java:62)
	at sun.reflect.DelegatingMethodAccessorImpl.invoke(DelegatingMethodAccessorImpl.java:43)
	at java.lang.reflect.Method.invoke(Method.java:498)
	at org.junit.runners.model.FrameworkMethod$1.runReflectiveCall(FrameworkMethod.java:50)
	at org.junit.internal.runners.model.ReflectiveCallable.run(ReflectiveCallable.java:12)
	at org.junit.runners.model.FrameworkMethod.invokeExplosively(FrameworkMethod.java:47)
	at org.junit.internal.runners.statements.InvokeMethod.evaluate(InvokeMethod.java:17)
	at org.junit.runners.ParentRunner.runLeaf(ParentRunner.java:325)
	at org.junit.runners.BlockJUnit4ClassRunner.runChild(BlockJUnit4ClassRunner.java:78)
	at org.junit.runners.BlockJUnit4ClassRunner.runChild(BlockJUnit4ClassRunner.java:57)
	at org.junit.runners.ParentRunner$3.run(ParentRunner.java:290)
	at org.junit.runners.ParentRunner$1.schedule(ParentRunner.java:71)
	at org.junit.runners.ParentRunner.runChildren(ParentRunner.java:288)
	at org.junit.runners.ParentRunner.access$000(ParentRunner.java:58)
	at org.junit.runners.ParentRunner$2.evaluate(ParentRunner.java:268)
	at org.junit.runners.ParentRunner.run(ParentRunner.java:363)
	at org.apache.maven.surefire.junit4.JUnit4TestSet.execute(JUnit4TestSet.java:53)
	at org.apache.maven.surefire.junit4.JUnit4Provider.executeTestSet(JUnit4Provider.java:123)
	at org.apache.maven.surefire.junit4.JUnit4Provider.invoke(JUnit4Provider.java:104)
	at sun.reflect.NativeMethodAccessorImpl.invoke0(Native Method)
	at sun.reflect.NativeMethodAccessorImpl.invoke(NativeMethodAccessorImpl.java:62)
	at sun.reflect.DelegatingMethodAccessorImpl.invoke(DelegatingMethodAccessorImpl.java:43)
	at java.lang.reflect.Method.invoke(Method.java:498)
	at org.apache.maven.surefire.util.ReflectionUtils.invokeMethodWithArray(ReflectionUtils.java:164)
	at org.apache.maven.surefire.booter.ProviderFactory$ProviderProxy.invoke(ProviderFactory.java:110)
	at org.apache.maven.surefire.booter.SurefireStarter.invokeProvider(SurefireStarter.java:175)
	at org.apache.maven.surefire.booter.SurefireStarter.runSuitesInProcessWhenForked(SurefireStarter.java:107)
	at org.apache.maven.surefire.booter.ForkedBooter.main(ForkedBooter.java:68)
</failure>
    <system-out>Failed to compromise AttackStepMin JuniperFirewall.Administrator.compromise
 Compromise failed as none of the following parent attack step(s) were compromised:
   AttackStepMin JuniperFirewall.CVE-2015-7755.exploitSpoofingVulnerabililty (uncompromised)
    Whose remaining parents in turn are: 
      JuniperFirewall.CVE-2015-7755.discoverUnauthenticatedSpoofingFromNetworkVulnerability
      JuniperFirewall.CVE-2015-7755.discoverAuthenticatedSpoofingFromNetworkVulnerability
      JuniperFirewall.CVE-2015-7755.discoverAuthenticatedFromAdjacentNetworkVulnerability
      JuniperFirewall.CVE-2015-7755.discoverAuthenticatedFromLocalVulnerability
      JuniperFirewall.CVE-2015-7755.discoverUnauthenticatedFromLocalVulnerability
      JuniperFirewall.CVE-2015-7755.discoverUnauthenticatedFromAdjacentNetworkVulnerability
</system-out>
  </testcase>
  <testcase classname="se.kth.ics.pwnpr3d.layer3.JuniperFirewallTest" name="cve20157756" time="0.016">
    <failure message="Failed to compromise JuniperFirewall.Administrator.compromise" type="java.lang.AssertionError">java.lang.AssertionError: Failed to compromise JuniperFirewall.Administrator.compromise
	at se.kth.ics.pwnpr3d.util.TestSupport.fail(TestSupport.java:284)
	at se.kth.ics.pwnpr3d.util.TestSupport.assertCompromised(TestSupport.java:249)
	at se.kth.ics.pwnpr3d.layer3.JuniperFirewallTest.cve20157756(JuniperFirewallTest.java:47)
	at sun.reflect.NativeMethodAccessorImpl.invoke0(Native Method)
	at sun.reflect.NativeMethodAccessorImpl.invoke(NativeMethodAccessorImpl.java:62)
	at sun.reflect.DelegatingMethodAccessorImpl.invoke(DelegatingMethodAccessorImpl.java:43)
	at java.lang.reflect.Method.invoke(Method.java:498)
	at org.junit.runners.model.FrameworkMethod$1.runReflectiveCall(FrameworkMethod.java:50)
	at org.junit.internal.runners.model.ReflectiveCallable.run(ReflectiveCallable.java:12)
	at org.junit.runners.model.FrameworkMethod.invokeExplosively(FrameworkMethod.java:47)
	at org.junit.internal.runners.statements.InvokeMethod.evaluate(InvokeMethod.java:17)
	at org.junit.runners.ParentRunner.runLeaf(ParentRunner.java:325)
	at org.junit.runners.BlockJUnit4ClassRunner.runChild(BlockJUnit4ClassRunner.java:78)
	at org.junit.runners.BlockJUnit4ClassRunner.runChild(BlockJUnit4ClassRunner.java:57)
	at org.junit.runners.ParentRunner$3.run(ParentRunner.java:290)
	at org.junit.runners.ParentRunner$1.schedule(ParentRunner.java:71)
	at org.junit.runners.ParentRunner.runChildren(ParentRunner.java:288)
	at org.junit.runners.ParentRunner.access$000(ParentRunner.java:58)
	at org.junit.runners.ParentRunner$2.evaluate(ParentRunner.java:268)
	at org.junit.runners.ParentRunner.run(ParentRunner.java:363)
	at org.apache.maven.surefire.junit4.JUnit4TestSet.execute(JUnit4TestSet.java:53)
	at org.apache.maven.surefire.junit4.JUnit4Provider.executeTestSet(JUnit4Provider.java:123)
	at org.apache.maven.surefire.junit4.JUnit4Provider.invoke(JUnit4Provider.java:104)
	at sun.reflect.NativeMethodAccessorImpl.invoke0(Native Method)
	at sun.reflect.NativeMethodAccessorImpl.invoke(NativeMethodAccessorImpl.java:62)
	at sun.reflect.DelegatingMethodAccessorImpl.invoke(DelegatingMethodAccessorImpl.java:43)
	at java.lang.reflect.Method.invoke(Method.java:498)
	at org.apache.maven.surefire.util.ReflectionUtils.invokeMethodWithArray(ReflectionUtils.java:164)
	at org.apache.maven.surefire.booter.ProviderFactory$ProviderProxy.invoke(ProviderFactory.java:110)
	at org.apache.maven.surefire.booter.SurefireStarter.invokeProvider(SurefireStarter.java:175)
	at org.apache.maven.surefire.booter.SurefireStarter.runSuitesInProcessWhenForked(SurefireStarter.java:107)
	at org.apache.maven.surefire.booter.ForkedBooter.main(ForkedBooter.java:68)
</failure>
    <system-out>Failed to compromise AttackStepMin JuniperFirewall.Administrator.compromise
 Compromise failed as none of the following parent attack step(s) were compromised:
   AttackStepMin JuniperFirewall.CVE-2015-7756.exploitSpoofingVulnerabililty (uncompromised)
    Whose remaining parents in turn are: 
      JuniperFirewall.CVE-2015-7756.discoverUnauthenticatedFromLocalVulnerability
      JuniperFirewall.CVE-2015-7756.discoverUnauthenticatedSpoofingFromNetworkVulnerability
      JuniperFirewall.CVE-2015-7756.discoverUnauthenticatedFromAdjacentNetworkVulnerability
      JuniperFirewall.CVE-2015-7756.discoverAuthenticatedFromLocalVulnerability
      JuniperFirewall.CVE-2015-7756.discoverAuthenticatedFromAdjacentNetworkVulnerability
      JuniperFirewall.CVE-2015-7756.discoverAuthenticatedSpoofingFromNetworkVulnerability
</system-out>
  </testcase>
</testsuite>